19:26:21    105 --> ...                      [tcl] ucliGUI::connect -toolargs -ucligui -toolexe simv +v2k +lint=all -a log_name +define+ACAIN8Q5 +neg_tchk +sdfverbose -pid 19506 -toolin /tmp/vcs_20161121012618_19505_jsequeira..stdin -toolout /tmp/vcs_20161121012618_19505_jsequeira..stdout  
19:26:21    106 --> ...                          [tcl] set ucliGUI::state
19:26:21    107 --> ...                              [tcl] set dveMisc::dve_log_file 1
19:26:21    108 --> ...                                  [tcl] gui_update_simulator_buttons
19:26:22    109 --> ...                                      [tcl] set ucliGUI::state
19:26:22    110 --> ...                                          [tcl] ucliCore::getToolPID
19:26:22    111 --> ...                                              [tcl] synopsys::env hasTB
19:26:22    112 --> ...                                                  [tcl] trigger_hier_stack_context_switch 0
19:26:22    113 --> ...                                                      [tcl] synUtils::setDVEInitPhase 1
19:26:22    114 --> ...                                                          [tcl] gui_get_env SIMSETUP::SIMVPD
19:26:22    115 --> ...                                                              [tcl] synopsys::dump -type VPD -file /mnt/vol_NFS_Zener/WD_ESPEC/jsequeira/Documents/Dise-o-ASIC-FPGA-FPU/ASIC_FLOW/Approximate_Adders/integracion_fisica/simu_logica_behav_multiplier/inter.vpd -locking
19:26:22    116 --> ...                                                                  [tcl] synopsys::dump -autoflush on -fid VPD0
19:26:22    117 --> ...                                                                      [tcl] set ::dve_fid VPD0
19:26:22    118 --> ...                                                                          [tcl] synUtils::setDVEInitPhase 0
19:26:22    119 --> ...                                                                              [tcl] ucliCore::getToolPID
19:26:22    120 --> ...                                                                                  [tcl] synUtils::sendTool -active _icl_setToolSocket /tmp/smlnpzQrftQ
19:26:22    121 --> ...                                                                                      [tcl] synUtils::sendTool -active {_icl_start_rpc -version "K-2015.09-SP2-3_Full64" -sync_file /tmp/vcs_dve_rpc.jsequeira.19506}
19:26:23    122 --> ...                                                                                          [tcl] synUtils::sendTool -active {_icl_createSharedMemory /tmp/vcs_dve_general.jsequeira.19506}
19:26:23    123 --> ...                                                                                              [tcl] dveMisc::vbusExpand ACA_II_N16_Q4
19:26:23    124 --> ...                                                                                                  [tcl] config endofsim noexit
19:26:23    125 --> ...  [tcl] config onfail enable all
19:26:23    126 --> ...      [tcl] config syscaddplainmembers
19:26:23    127 --> ...          [tcl] config syscaddsourcenames
19:26:23    128 --> ...              [tcl] config syscaddstructtypes
19:26:23    129 --> ...                  [tcl] synopsys::listing -disable
19:26:23    130 --> ...                      [tcl] ucliGUI::getSignalValues -scope ACA_II_N16_Q4 -radix {hexadecimal hexadecimal hexadecimal hexadecimal hexadecimal hexadecimal hexadecimal hexadecimal hexadecimal hexadecimal } -list {{in1[15:0]} {in2[15:0]} {res[16:0]} {temp1[4:0]} {temp2[4:0]} {temp3[4:0]} {temp4[4:0]} {temp5[4:0]} {temp6[4:0]} {temp7[4:0]} }
19:26:27    131 --> ...                          [tcl] if [catch {gui_sim_terminate}] {gui_sim_terminate -kill}
19:26:27    132 --> ...                              [tcl] synopsys::finish
19:26:27    133 --> ...                                  [tcl] set ucliGUI::state
19:26:27    134 --> ...                                      [tcl] set ucliGUI::state
19:26:27    135 --> ...                                          [tcl] catch {senv activeDomain} dveMisc::result 
19:26:27    136 --> ...                                              [tcl] set dveMisc::result
19:26:27    137 --> ...                                                  [tcl] gui_update_simulator_buttons
19:26:27    138 --> ...                                                      [tcl] catch {senv activeDomain} dveMisc::result 
19:26:27    139 --> ...                                                          [tcl] set dveMisc::result
19:26:28    140 --> ...                                                              [tcl] ucli_exit
