15:31:02    266 --> ...                                                                  [tcl] ucliGUI::start /mnt/vol_NFS_Zener/WD_ESPEC/jsequeira/Documents/Dise-o-ASIC-FPGA-FPU/ASIC_FLOW/Approximate_Adders/integracion_fisica/sim_logica_behav_mult/simv  +v2k +lint=all -a log_name +define+SINGLE +define+ACAIIN16Q4 +neg_tchk -ucligui
15:31:02    267 --> ...                                                                      [tcl] set ucliGUI::state
15:31:02    268 --> ...                                                                          [tcl] gui_update_simulator_buttons
15:31:04    269 --> ...                                                                              [tcl] set ucliGUI::state
15:31:04    270 --> ...                                                                                  [tcl] ucliCore::getToolPID
15:31:04    271 --> ...                                                                                      [tcl] synopsys::env hasTB
15:31:04    272 --> ...                                                                                          [tcl] trigger_hier_stack_context_switch 0
15:31:04    273 --> ...                                                                                              [tcl] synUtils::setDVEInitPhase 1
15:31:04    274 --> ...                                                                                                  [tcl] gui_get_env SIMSETUP::SIMVPD
15:31:04    275 --> ...  [tcl] synopsys::dump -type VPD -file /mnt/vol_NFS_Zener/WD_ESPEC/jsequeira/Documents/Dise-o-ASIC-FPGA-FPU/ASIC_FLOW/Approximate_Adders/integracion_fisica/sim_logica_behav_mult/inter.vpd -locking
15:31:04    276 --> ...      [tcl] synopsys::dump -autoflush on -fid VPD1
15:31:04    277 --> ...          [tcl] set ::dve_fid VPD1
15:31:04    278 --> ...              [tcl] synUtils::setDVEInitPhase 0
15:31:04    279 --> ...                  [tcl] ucliCore::getToolPID
15:31:04    280 --> ...                      [tcl] synUtils::sendTool -active _icl_setToolSocket /tmp/smlnpvTK1dB
15:31:04    281 --> ...                          [tcl] synUtils::sendTool -active {_icl_start_rpc -version "K-2015.09-SP2-3_Full64" -sync_file /tmp/vcs_dve_rpc.jsequeira.4066}
15:31:04    282 --> ...                              [tcl] synUtils::sendTool -active {_icl_createSharedMemory /tmp/vcs_dve_general.jsequeira.4066}
15:31:04    283 --> ...                                  [tcl] config endofsim noexit
15:31:04    284 --> ...                                      [tcl] config onfail enable all
15:31:04    285 --> ...                                          [tcl] config syscaddplainmembers
15:31:04    286 --> ...                                              [tcl] config syscaddsourcenames
15:31:04    287 --> ...                                                  [tcl] config syscaddstructtypes
15:31:04    288 --> ...                                                      [tcl] synopsys::listing -disable
15:31:04    289 --> ...                                                          [tcl] if { ![gui_sim_state -check active] } {error "Simulator did not start correctly" error}
15:31:04    290 --> ...                                                              [tcl] gui_set_precision 1ps
15:31:04    291 --> ...                                                                  [tcl] gui_set_time_units 1ps
15:31:04    292 --> ...                                                                      [tcl] #</Database>
15:31:04    293 --> ...                                                                          [tcl] # DVE Global setting session:
15:31:04    294 --> ...                                                                              [tcl] # Global: Breakpoints
15:31:04    295 --> ...                                                                                  [tcl] # Global: Bus
15:31:04    296 --> ...                                                                                      [tcl] # Global: Expressions
15:31:04    297 --> ...                                                                                          [tcl] # Global: Signal Time Shift
15:31:04    298 --> ...                                                                                              [tcl] # Global: Signal Compare
15:31:04    299 --> ...                                                                                                  [tcl] # Global: Signal Groups
15:31:04    300 --> ...  [tcl] # Global: Highlighting
15:31:04    301 --> ...      [tcl] # Global: Stack
15:31:04    302 --> ...          [tcl] gui_change_stack_mode -mode list
15:31:04    303 --> ...              [tcl] synopsys::xml {set_only_active_frame <data value="1" />}
15:31:04    304 --> ...                  [tcl] # Post database loading setting...
15:31:04    305 --> ...                      [tcl] # Restore C1 time
15:31:04    306 --> ...                          [tcl] gui_set_time -C1_only 0
15:31:04    307 --> ...                              [tcl] # Save global setting...
15:31:04    308 --> ...                                  [tcl] # Wave/List view global setting
15:31:04    309 --> ...                                      [tcl] gui_cov_show_value -switch false
15:31:04    310 --> ...                                          [tcl] # Close all empty TopLevel windows
15:31:04    311 --> ...                                              [tcl] foreach __top [gui_ekki_get_window_ids -type TopLevel] {     if { [llength [gui_ekki_get_window_ids -parent $__top]] == 0} {         gui_close_window -window $__top     } }
15:31:04    312 --> ...                                                  [tcl] gui_set_loading_session_type noSession
15:31:04    313 --> ...                                                      [tcl] # DVE View/pane content session:
15:31:04    314 --> ...                                                          [tcl] # Hier 'Hier.1'
15:31:04    315 --> ...                                                              [tcl] gui_show_window -window ${Hier.1}
15:31:04    316 --> ...                                                                  [tcl] gui_list_set_filter -id ${Hier.1} -list { {Package 1} {All 0} {Process 1} {VirtPowSwitch 0} {UnnamedProcess 1} {UDP 0} {Function 1} {Block 1} {SrsnAndSpaCell 0} {OVA Unit 1} {LeafScCell 1} {LeafVlgCell 1} {Interface 1} {LeafVhdCell 1} {$unit 1} {NamedBlock 1} {Task 1} {VlgPackage 1} {ClassDef 1} {VirtIsoCell 0} }
15:31:04    317 --> ...                                                                      [tcl] gui_list_set_filter -id ${Hier.1} -text {*}
15:31:04    318 --> ...                                                                          [tcl] gui_hier_list_init -id ${Hier.1}
15:31:04    319 --> ...                                                                              [tcl] gui_change_design -id ${Hier.1} -design Sim
15:31:04    320 --> ...                                                                                  [tcl] catch {gui_list_select -id ${Hier.1} {ACA_II_N16_Q8}}
15:31:04    321 --> ...                                                                                      [tcl] dveMisc::vbusExpand ACA_II_N16_Q8
15:31:04    322 --> ...                                                                                          [tcl] ucliGUI::getSignalValues -scope ACA_II_N16_Q8 -radix {hexadecimal hexadecimal hexadecimal hexadecimal hexadecimal hexadecimal } -list {{in1[15:0]} {in2[15:0]} {res[16:0]} {temp1[8:0]} {temp2[8:0]} {temp3[8:0]} }
15:31:04    323 --> ...                                                                                              [tcl] gui_view_scroll -id ${Hier.1} -vertical -set 363
15:31:04    324 --> ...                                                                                                  [tcl] gui_view_scroll -id ${Hier.1} -horizontal -set 0
15:31:04    325 --> ...  [tcl] # Data 'Data.1'
15:31:04    326 --> ...      [tcl] gui_list_set_filter -id ${Data.1} -list { {Buffer 1} {Input 1} {Others 1} {Linkage 1} {Output 1} {LowPower 1} {Parameter 1} {All 1} {Aggregate 1} {LibBaseMember 1} {Event 1} {Assertion 1} {Constant 1} {Interface 1} {BaseMembers 1} {Signal 1} {$unit 1} {Inout 1} {Variable 1} }
15:31:04    327 --> ...          [tcl] gui_list_set_filter -id ${Data.1} -text {*}
15:31:04    328 --> ...              [tcl] gui_list_show_data -id ${Data.1} {ACA_II_N16_Q8}
15:31:04    329 --> ...                  [tcl] gui_view_scroll -id ${Data.1} -vertical -set 0
15:31:04    330 --> ...                      [tcl] gui_view_scroll -id ${Data.1} -horizontal -set 0
15:31:04    331 --> ...                          [tcl] gui_view_scroll -id ${Hier.1} -vertical -set 363
15:31:04    332 --> ...                              [tcl] gui_view_scroll -id ${Hier.1} -horizontal -set 0
15:31:04    333 --> ...                                  [tcl] # View 'Wave.1'
15:31:04    334 --> ...                                      [tcl] gui_wv_sync -id ${Wave.1} -switch false
15:31:04    335 --> ...                                          [tcl] set groupExD [gui_get_pref_value -category Wave -key exclusiveSG]
15:31:04    336 --> ...                                              [tcl] gui_set_pref_value -category Wave -key exclusiveSG -value {false}
15:31:04    337 --> ...                                                  [tcl] set origWaveHeight [gui_get_pref_value -category Wave -key waveRowHeight]
15:31:04    338 --> ...                                                      [tcl] gui_list_set_height -id Wave -height 17
15:31:04    339 --> ...                                                          [tcl] set origGroupCreationState [gui_list_create_group_when_add -wave]
15:31:04    340 --> ...                                                              [tcl] gui_list_create_group_when_add -wave -disable
15:31:04    341 --> ...                                                                  [tcl] gui_marker_set_ref -id ${Wave.1}  C1
15:31:04    342 --> ...                                                                      [tcl] gui_wv_zoom_timerange -id ${Wave.1} 0 238
15:31:04    343 --> ...                                                                          [tcl] gui_seek_criteria -id ${Wave.1} {Any Edge}
15:31:04    344 --> ...                                                                              [tcl] gui_set_env TOGGLE::DEFAULT_WAVE_WINDOW ${Wave.1}
15:31:04    345 --> ...                                                                                  [tcl] gui_set_pref_value -category Wave -key exclusiveSG -value $groupExD
15:31:04    346 --> ...                                                                                      [tcl] gui_list_set_height -id Wave -height $origWaveHeight
15:31:04    347 --> ...                                                                                          [tcl] if {$origGroupCreationState} { 	gui_list_create_group_when_add -wave -enable }
15:31:04    348 --> ...                                                                                              [tcl] if { $groupExD } {  gui_msg_report -code DVWW028 }
15:31:04    349 --> ...                                                                                                  [tcl] gui_list_set_filter -id ${Wave.1} -list { {Buffer 1} {Input 1} {Others 1} {Linkage 1} {Output 1} {Parameter 1} {All 1} {Aggregate 1} {LibBaseMember 1} {Event 1} {Assertion 1} {Constant 1} {Interface 1} {BaseMembers 1} {Signal 1} {$unit 1} {Inout 1} {Variable 1} }
15:31:04    350 --> ...  [tcl] gui_list_set_filter -id ${Wave.1} -text {*}
15:31:04    351 --> ...      [tcl] gui_marker_move -id ${Wave.1} {C1} 0
15:31:04    352 --> ...          [tcl] gui_view_scroll -id ${Wave.1} -vertical -set 0
15:31:04    353 --> ...              [tcl] gui_show_grid -id ${Wave.1} -enable false
15:31:04    354 --> ...                  [tcl] # Source 'Source.1'
15:31:04    355 --> ...                      [tcl] gui_src_value_annotate -id ${Source.1} -switch false
15:31:04    356 --> ...                          [tcl] gui_set_env TOGGLE::VALUEANNOTATE 0
15:31:04    357 --> ...                              [tcl] gui_open_source -id ${Source.1}  -replace -active ACA_II_N16_Q8 /mnt/vol_NFS_Zener/WD_ESPEC/jsequeira/Documents/Dise-o-ASIC-FPGA-FPU/ASIC_FLOW/Approximate_Adders/integracion_fisica/sim_logica_behav_mult/../front_end/source/ACA_II_N16_Q8.v
15:31:04    358 --> ...                                  [tcl] gui_view_scroll -id ${Source.1} -vertical -set 30
15:31:04    359 --> ...                                      [tcl] gui_src_set_reusable -id ${Source.1}
15:31:04    360 --> ...                                          [tcl] # Restore toplevel window zorder
15:31:04    361 --> ...                                              [tcl] # The toplevel window could be closed if it has no view/pane
15:31:04    362 --> ...                                                  [tcl] if {[gui_exist_window -window ${TopLevel.1}]} { 	gui_set_active_window -window ${TopLevel.1} 	gui_set_active_window -window ${Console.1} }
15:31:04    363 --> ...                                                      [tcl] #</Session>
15:31:14    364 --> ...                                                          [tcl] dveMisc::vbusExpand RegisterAdd
15:31:14    365 --> ...                                                              [tcl] ucliGUI::getSignalValues -scope RegisterAdd -radix {binary binary binary hexadecimal hexadecimal decimal } -list {clk rst load {D[15:0]} {Q[15:0]} W }
15:31:14    366 --> ...                                                                  [tcl] dveMisc::vbusExpand Testbench_Adder
15:31:14    367 --> ...                                                                      [tcl] ucliGUI::getSignalValues -scope Testbench_Adder -radix {symbolic symbolic symbolic symbolic symbolic symbolic symbolic hexadecimal binary hexadecimal hexadecimal binary decimal decimal symbolic symbolic } -list {{FileResHex[31:0]} {FileResDec[31:0]} {ValTeorico[31:0]} {Error[31:0]} {RESULT[31:0]} floatERROR sumErrors {res[26:0]} clk {in1[25:0]} {in2[25:0]} add_sub PERIOD W STRINGHEX STRINGDEC }
15:31:15    368 --> ...                                                                          [tcl] synopsys::dump -add {Testbench_Adder} -scope "." -depth 1 -fid VPD1
15:31:17    369 --> ...                                                                              [tcl] dveMisc::vbusExpand Testbench_Adder.runAdder
15:31:17    370 --> ...                                                                                  [tcl] ucliGUI::getSignalValues -scope Testbench_Adder.runAdder -radix {symbolic symbolic symbolic } -list {{ResultsFileH[31:0]} {ResultsFileD[31:0]} {Vector_size[31:0]} }
15:31:18    371 --> ...                                                                                      [tcl] dveMisc::vbusExpand Testbench_Adder.inst_Approx_adder
15:31:18    372 --> ...                                                                                          [tcl] ucliGUI::getSignalValues -scope Testbench_Adder.inst_Approx_adder -radix {binary hexadecimal hexadecimal hexadecimal hexadecimal hexadecimal binary hexadecimal hexadecimal hexadecimal hexadecimal hexadecimal hexadecimal hexadecimal decimal decimal decimal } -list {add_sub {in1[25:0]} {in2[25:0]} {res[26:0]} {in2_signed[25:0]} {lower_res[15:0]} approx_cout {upper_in1[9:0]} {lower_in1[15:0]} {upper_in2[9:0]} {lower_in2[15:0]} {upper_in2_signed[9:0]} {lower_in2_signed[15:0]} {temp_upper_addition[10:0]} W LowL BIGGER16.LowL }
15:31:18    373 --> ...                                                                                              [tcl] synopsys::dump -add {Testbench_Adder.inst_Approx_adder} -scope "." -depth 1 -fid VPD1
15:31:20    374 --> ...                                                                                                  [tcl] synopsys::run
15:31:20    375 --> ...  [tcl] set ucliGUI::state
15:31:20    376 --> ...      [tcl] set ucliGUI::state
15:31:20    377 --> ...          [tcl] gui_update_simulator_buttons
15:31:22    378 --> ...              [tcl] set ucliGUI::state
15:31:22    379 --> ...                  [tcl] set ucliGUI::state
15:31:22    380 --> ...                      [tcl] catch {senv activeDomain} dveMisc::result 
15:31:22    381 --> ...                          [tcl] set dveMisc::result
15:31:22    382 --> ...                              [tcl] gui_update_simulator_buttons
15:31:22    383 --> ...                                  [tcl] ucliGUI::getSignalValues -scope Testbench_Adder.inst_Approx_adder -radix {binary hexadecimal hexadecimal hexadecimal hexadecimal hexadecimal binary hexadecimal hexadecimal hexadecimal hexadecimal hexadecimal hexadecimal hexadecimal decimal decimal decimal } -list {add_sub {in1[25:0]} {in2[25:0]} {res[26:0]} {in2_signed[25:0]} {lower_res[15:0]} approx_cout {upper_in1[9:0]} {lower_in1[15:0]} {upper_in2[9:0]} {lower_in2[15:0]} {upper_in2_signed[9:0]} {lower_in2_signed[15:0]} {temp_upper_addition[10:0]} W LowL BIGGER16.LowL }
15:32:07    384 --> ...                                      [tcl] if [catch {gui_sim_terminate}] {gui_sim_terminate -kill}
15:32:07    385 --> ...                                          [tcl] synopsys::finish
15:32:07    386 --> ...                                              [tcl] set ucliGUI::state
15:32:07    387 --> ...                                                  [tcl] set ucliGUI::state
15:32:07    388 --> ...                                                      [tcl] catch {senv activeDomain} dveMisc::result 
15:32:07    389 --> ...                                                          [tcl] set dveMisc::result
15:32:07    390 --> ...                                                              [tcl] gui_update_simulator_buttons
15:32:07    391 --> ...                                                                  [tcl] catch {senv activeDomain} dveMisc::result 
15:32:07    392 --> ...                                                                      [tcl] set dveMisc::result
15:32:07    393 --> ...                                                                          [tcl] ucli_exit
